# JRE version: Java(TM) SE Runtime Environment (7.0_79-b15) (build 1.7.0_79-b15)
# Java VM: Java HotSpot(TM) 64-Bit Server VM (24.79-b02 mixed mode windows-amd64 compressed oops)
Heap
 PSYoungGen      total 227328K, used 1401K [0x00000007d5e80000, 0x00000007e5900000, 0x0000000800000000)
  eden space 200192K, 0% used [0x00000007d5e80000,0x00000007d5e80000,0x00000007e2200000)
  from space 27136K, 5% used [0x00000007e3e80000,0x00000007e3fde640,0x00000007e5900000)
  to   space 28160K, 0% used [0x00000007e2200000,0x00000007e2200000,0x00000007e3d80000)
 ParOldGen       total 144896K, used 137517K [0x0000000781c00000, 0x000000078a980000, 0x00000007d5e80000)
  object space 144896K, 94% used [0x0000000781c00000,0x000000078a24b6e8,0x000000078a980000)
 PSPermGen       total 83968K, used 77093K [0x000000077ca00000, 0x0000000781c00000, 0x0000000781c00000)
  object space 83968K, 91% used [0x000000077ca00000,0x0000000781549740,0x0000000781c00000)
GC Heap History (10 events):
Event: 67994.958 GC heap after
Heap after GC invocations=121 (full 3):
 PSYoungGen      total 176640K, used 11905K [0x00000007d5e80000, 0x00000007e3980000, 0x0000000800000000)
  eden space 151040K, 0% used [0x00000007d5e80000,0x00000007d5e80000,0x00000007df200000)
  from space 25600K, 46% used [0x00000007e0a00000,0x00000007e15a0610,0x00000007e2300000)
  to   space 24576K, 0% used [0x00000007df200000,0x00000007df200000,0x00000007e0a00000)
 ParOldGen       total 144896K, used 115297K [0x0000000781c00000, 0x000000078a980000, 0x00000007d5e80000)
  object space 144896K, 79% used [0x0000000781c00000,0x0000000788c986f8,0x000000078a980000)
 PSPermGen       total 83968K, used 75378K [0x000000077ca00000, 0x0000000781c00000, 0x0000000781c00000)
  object space 83968K, 89% used [0x000000077ca00000,0x000000078139c8a0,0x0000000781c00000)
}
Event: 67996.703 GC heap before
{Heap before GC invocations=122 (full 3):
 PSYoungGen      total 176640K, used 162945K [0x00000007d5e80000, 0x00000007e3980000, 0x0000000800000000)
  eden space 151040K, 100% used [0x00000007d5e80000,0x00000007df200000,0x00000007df200000)
  from space 25600K, 46% used [0x00000007e0a00000,0x00000007e15a0610,0x00000007e2300000)
  to   space 24576K, 0% used [0x00000007df200000,0x00000007df200000,0x00000007e0a00000)
 ParOldGen       total 144896K, used 115297K [0x0000000781c00000, 0x000000078a980000, 0x00000007d5e80000)
  object space 144896K, 79% used [0x0000000781c00000,0x0000000788c986f8,0x000000078a980000)
 PSPermGen       total 83968K, used 75378K [0x000000077ca00000, 0x0000000781c00000, 0x0000000781c00000)
  object space 83968K, 89% used [0x000000077ca00000,0x000000078139c8a0,0x0000000781c00000)
Event: 67996.720 GC heap after
Heap after GC invocations=122 (full 3):
 PSYoungGen      total 175616K, used 23057K [0x00000007d5e80000, 0x00000007e3f00000, 0x0000000800000000)
  eden space 151040K, 0% used [0x00000007d5e80000,0x00000007d5e80000,0x00000007df200000)
  from space 24576K, 93% used [0x00000007df200000,0x00000007e0884518,0x00000007e0a00000)
  to   space 27136K, 0% used [0x00000007e2480000,0x00000007e2480000,0x00000007e3f00000)
 ParOldGen       total 144896K, used 115337K [0x0000000781c00000, 0x000000078a980000, 0x00000007d5e80000)
  object space 144896K, 79% used [0x0000000781c00000,0x0000000788ca26f8,0x000000078a980000)
 PSPermGen       total 83968K, used 75378K [0x000000077ca00000, 0x0000000781c00000, 0x0000000781c00000)
  object space 83968K, 89% used [0x000000077ca00000,0x000000078139c8a0,0x0000000781c00000)
}
Event: 67998.562 GC heap before
{Heap before GC invocations=123 (full 3):
 PSYoungGen      total 175616K, used 174097K [0x00000007d5e80000, 0x00000007e3f00000, 0x0000000800000000)
  eden space 151040K, 100% used [0x00000007d5e80000,0x00000007df200000,0x00000007df200000)
  from space 24576K, 93% used [0x00000007df200000,0x00000007e0884518,0x00000007e0a00000)
  to   space 27136K, 0% used [0x00000007e2480000,0x00000007e2480000,0x00000007e3f00000)
 ParOldGen       total 144896K, used 115337K [0x0000000781c00000, 0x000000078a980000, 0x00000007d5e80000)
  object space 144896K, 79% used [0x0000000781c00000,0x0000000788ca26f8,0x000000078a980000)
 PSPermGen       total 83968K, used 75947K [0x000000077ca00000, 0x0000000781c00000, 0x0000000781c00000)
  object space 83968K, 90% used [0x000000077ca00000,0x000000078142ac38,0x0000000781c00000)
Event: 67998.581 GC heap after
Heap after GC invocations=123 (full 3):
 PSYoungGen      total 202240K, used 18985K [0x00000007d5e80000, 0x00000007e3f80000, 0x0000000800000000)
  eden space 175104K, 0% used [0x00000007d5e80000,0x00000007d5e80000,0x00000007e0980000)
  from space 27136K, 69% used [0x00000007e2480000,0x00000007e370a6f0,0x00000007e3f00000)
  to   space 27648K, 0% used [0x00000007e0980000,0x00000007e0980000,0x00000007e2480000)
 ParOldGen       total 144896K, used 122695K [0x0000000781c00000, 0x000000078a980000, 0x00000007d5e80000)
  object space 144896K, 84% used [0x0000000781c00000,0x00000007893d1ce8,0x000000078a980000)
 PSPermGen       total 83968K, used 75947K [0x000000077ca00000, 0x0000000781c00000, 0x0000000781c00000)
  object space 83968K, 90% used [0x000000077ca00000,0x000000078142ac38,0x0000000781c00000)
}
Event: 68000.117 GC heap before
{Heap before GC invocations=124 (full 3):
 PSYoungGen      total 202240K, used 194089K [0x00000007d5e80000, 0x00000007e3f80000, 0x0000000800000000)
  eden space 175104K, 100% used [0x00000007d5e80000,0x00000007e0980000,0x00000007e0980000)
  from space 27136K, 69% used [0x00000007e2480000,0x00000007e370a6f0,0x00000007e3f00000)
  to   space 27648K, 0% used [0x00000007e0980000,0x00000007e0980000,0x00000007e2480000)
 ParOldGen       total 144896K, used 122695K [0x0000000781c00000, 0x000000078a980000, 0x00000007d5e80000)
  object space 144896K, 84% used [0x0000000781c00000,0x00000007893d1ce8,0x000000078a980000)
 PSPermGen       total 83968K, used 76553K [0x000000077ca00000, 0x0000000781c00000, 0x0000000781c00000)
  object space 83968K, 91% used [0x000000077ca00000,0x00000007814c27f8,0x0000000781c00000)
Event: 68000.122 GC heap after
Heap after GC invocations=124 (full 3):
 PSYoungGen      total 202752K, used 9833K [0x00000007d5e80000, 0x00000007e5900000, 0x0000000800000000)
  eden space 175104K, 0% used [0x00000007d5e80000,0x00000007d5e80000,0x00000007e0980000)
  from space 27648K, 35% used [0x00000007e0980000,0x00000007e131a5d0,0x00000007e2480000)
  to   space 27136K, 0% used [0x00000007e3e80000,0x00000007e3e80000,0x00000007e5900000)
 ParOldGen       total 144896K, used 130329K [0x0000000781c00000, 0x000000078a980000, 0x00000007d5e80000)
  object space 144896K, 89% used [0x0000000781c00000,0x0000000789b465f0,0x000000078a980000)
 PSPermGen       total 83968K, used 76553K [0x000000077ca00000, 0x0000000781c00000, 0x0000000781c00000)
  object space 83968K, 91% used [0x000000077ca00000,0x00000007814c27f8,0x0000000781c00000)
}
Event: 69042.498 GC heap before
{Heap before GC invocations=125 (full 3):
 PSYoungGen      total 202752K, used 184937K [0x00000007d5e80000, 0x00000007e5900000, 0x0000000800000000)
  eden space 175104K, 100% used [0x00000007d5e80000,0x00000007e0980000,0x00000007e0980000)
  from space 27648K, 35% used [0x00000007e0980000,0x00000007e131a5d0,0x00000007e2480000)
  to   space 27136K, 0% used [0x00000007e3e80000,0x00000007e3e80000,0x00000007e5900000)
 ParOldGen       total 144896K, used 130329K [0x0000000781c00000, 0x000000078a980000, 0x00000007d5e80000)
  object space 144896K, 89% used [0x0000000781c00000,0x0000000789b465f0,0x000000078a980000)
 PSPermGen       total 83968K, used 77093K [0x000000077ca00000, 0x0000000781c00000, 0x0000000781c00000)
  object space 83968K, 91% used [0x000000077ca00000,0x0000000781549740,0x0000000781c00000)
Event: 69042.535 GC heap after
Heap after GC invocations=125 (full 3):
 PSYoungGen      total 227328K, used 1401K [0x00000007d5e80000, 0x00000007e5900000, 0x0000000800000000)
  eden space 200192K, 0% used [0x00000007d5e80000,0x00000007d5e80000,0x00000007e2200000)
  from space 27136K, 5% used [0x00000007e3e80000,0x00000007e3fde640,0x00000007e5900000)
  to   space 28160K, 0% used [0x00000007e2200000,0x00000007e2200000,0x00000007e3d80000)
 ParOldGen       total 144896K, used 137517K [0x0000000781c00000, 0x000000078a980000, 0x00000007d5e80000)
  object space 144896K, 94% used [0x0000000781c00000,0x000000078a24b6e8,0x000000078a980000)
 PSPermGen       total 83968K, used 77093K [0x000000077ca00000, 0x0000000781c00000, 0x0000000781c00000)
  object space 83968K, 91% used [0x000000077ca00000,0x0000000781549740,0x0000000781c00000)
}
Event: 69042.535 GC heap before
{Heap before GC invocations=126 (full 4):
 PSYoungGen      total 227328K, used 1401K [0x00000007d5e80000, 0x00000007e5900000, 0x0000000800000000)
  eden space 200192K, 0% used [0x00000007d5e80000,0x00000007d5e80000,0x00000007e2200000)
  from space 27136K, 5% used [0x00000007e3e80000,0x00000007e3fde640,0x00000007e5900000)
  to   space 28160K, 0% used [0x00000007e2200000,0x00000007e2200000,0x00000007e3d80000)
 ParOldGen       total 144896K, used 137517K [0x0000000781c00000, 0x000000078a980000, 0x00000007d5e80000)
  object space 144896K, 94% used [0x0000000781c00000,0x000000078a24b6e8,0x000000078a980000)
 PSPermGen       total 83968K, used 77093K [0x000000077ca00000, 0x0000000781c00000, 0x0000000781c00000)
  object space 83968K, 91% used [0x000000077ca00000,0x0000000781549740,0x0000000781c00000)

